<?xml version="1.0" encoding="UTF-8"?>
<testng-results ignored="0" total="1" passed="1" failed="0" skipped="0">
  <reporter-output>
  </reporter-output>
  <suite started-at="2022-06-22T19:44:14 EDT" name="Default suite" finished-at="2022-06-22T19:44:26 EDT" duration-ms="11990">
    <groups>
    </groups>
    <test started-at="2022-06-22T19:44:14 EDT" name="Default test" finished-at="2022-06-22T19:44:26 EDT" duration-ms="11990">
      <class name="SmallConceptsSunday.ScrollOver">
        <test-method signature="scrollDown()[pri:0, instance:SmallConceptsSunday.ScrollOver@771a660]" started-at="2022-06-22T19:44:14 EDT" name="scrollDown" finished-at="2022-06-22T19:44:26 EDT" duration-ms="11935" status="PASS">
          <reporter-output>
          </reporter-output>
        </test-method> <!-- scrollDown -->
      </class> <!-- SmallConceptsSunday.ScrollOver -->
    </test> <!-- Default test -->
  </suite> <!-- Default suite -->
</testng-results>
